#
# A fatal error has been detected by the Java Runtime Environment:
#
#  EXCEPTION_ACCESS_VIOLATION (0xc0000005) at pc=0x00007ffc034b7431, pid=10268, tid=11464
#
# JRE version: Java(TM) SE Runtime Environment (17.0.9+11) (build 17.0.9+11-LTS-201)
# Java VM: Java HotSpot(TM) 64-Bit Server VM (17.0.9+11-LTS-201, mixed mode, sharing, tiered, compressed oops, compressed class ptrs, g1 gc, windows-amd64)
# Problematic frame:
# V  [jvm.dll+0x367431]
#
# No core dump will be written. Minidumps are not enabled by default on client versions of Windows
#
# If you would like to submit a bug report, please visit:
#   https://bugreport.java.com/bugreport/crash.jsp
#

---------------  S U M M A R Y ------------

Command Line: -javaagent:C:\Program Files\JetBrains\IntelliJ IDEA Community Edition 2023.2.3\lib\idea_rt.jar=56312:C:\Program Files\JetBrains\IntelliJ IDEA Community Edition 2023.2.3\bin -Dfile.encoding=UTF-8 com.spring.rentACar.Application

Host: Intel(R) Core(TM) i5-4200U CPU @ 1.60GHz, 4 cores, 7G,  Windows 10 , 64 bit Build 19041 (10.0.19041.3636)
Time: Sun Dec 10 02:11:05 2023 Türkiye Standart Saati elapsed time: 19.548175 seconds (0d 0h 0m 19s)

---------------  T H R E A D  ---------------

Current thread (0x0000022f5f5de880):  JavaThread "C2 CompilerThread0" daemon [_thread_in_native, id=11464, stack(0x0000007b00b00000,0x0000007b00c00000)]


Current CompileTask:
C2:  19566 6672       4       org.springframework.core.annotation.TypeMappedAnnotations::get (52 bytes)

Stack: [0x0000007b00b00000,0x0000007b00c00000],  sp=0x0000007b00bfb8e0,  free space=1006k
Native frames: (J=compiled Java code, j=interpreted, Vv=VM code, C=native code)
V  [jvm.dll+0x367431]
V  [jvm.dll+0x563076]
V  [jvm.dll+0x1bb960]
V  [jvm.dll+0x218287]
V  [jvm.dll+0x217561]
V  [jvm.dll+0x1a3bc0]
V  [jvm.dll+0x2272de]
V  [jvm.dll+0x22548b]
V  [jvm.dll+0x78f58c]
V  [jvm.dll+0x78998a]
V  [jvm.dll+0x677875]
C  [ucrtbase.dll+0x21bb2]
C  [KERNEL32.DLL+0x17344]
C  [ntdll.dll+0x526b1]


siginfo: EXCEPTION_ACCESS_VIOLATION (0xc0000005), reading address 0xffffffffffffffff


Register to memory mapping:

RIP=0x00007ffc034b7431 jvm.dll
RAX=0x0000007b00bfe7b0 is pointing into the stack for thread: 0x0000022f5f5de880
RBX=0x00027ffc03c5a868 is an unknown value
RCX=0x0000022fa7e486c0 points into unknown readable memory: 0x0000022fa90849e0 | e0 49 08 a9 2f 02 00 00
RDX=0x0000000000000003 is an unknown value
RSP=0x0000007b00bfb8e0 is pointing into the stack for thread: 0x0000022f5f5de880
RBP=0x0000022f5f480a70 points into unknown readable memory: 0x0000000000000000 | 00 00 00 00 00 00 00 00
RSI=0x0000000000000100 is an unknown value
RDI=0x0000022faa639e20 points into unknown readable memory: 0x0000002600000000 | 00 00 00 00 26 00 00 00
R8 =0x0 is NULL
R9 =0x0000007b00bfb980 is pointing into the stack for thread: 0x0000022f5f5de880
R10=0x00007ffc03c5a868 jvm.dll
R11=0x0000007b00bfb918 is pointing into the stack for thread: 0x0000022f5f5de880
R12=0x0 is NULL
R13=0x0000022fa5cfe9e0 points into unknown readable memory: 0x0000022faa61a010 | 10 a0 61 aa 2f 02 00 00
R14=0x0000000000000050 is an unknown value
R15=0x0000000000000020 is an unknown value


Registers:
RAX=0x0000007b00bfe7b0, RBX=0x00027ffc03c5a868, RCX=0x0000022fa7e486c0, RDX=0x0000000000000003
RSP=0x0000007b00bfb8e0, RBP=0x0000022f5f480a70, RSI=0x0000000000000100, RDI=0x0000022faa639e20
R8 =0x0000000000000000, R9 =0x0000007b00bfb980, R10=0x00007ffc03c5a868, R11=0x0000007b00bfb918
R12=0x0000000000000000, R13=0x0000022fa5cfe9e0, R14=0x0000000000000050, R15=0x0000000000000020
RIP=0x00007ffc034b7431, EFLAGS=0x0000000000010202

Top of Stack: (sp=0x0000007b00bfb8e0)
0x0000007b00bfb8e0:   00000000000024b2 0000007b00bfbb30
0x0000007b00bfb8f0:   0000000000000001 0000022fa8578440
0x0000007b00bfb900:   0000022f5f5d70c0 0000000000000330
0x0000007b00bfb910:   0000007b00bfbb30 00007ffc036b3076
0x0000007b00bfb920:   0000000000000020 0000000000000330
0x0000007b00bfb930:   0000022faa639e20 0000022fa91a5d00
0x0000007b00bfb940:   0000022f5f480a90 0000022fa8578440
0x0000007b00bfb950:   0000000000000798 0000022f5f5d70c0
0x0000007b00bfb960:   0000022fa5cfe9e0 00000000002c0ec8
0x0000007b00bfb970:   0000022fa5cfea30 0000022fa5d069c8
0x0000007b00bfb980:   0000022f00000040 0000022fa9928360
0x0000007b00bfb990:   0000000000000040 0000022f5f5d70c0
0x0000007b00bfb9a0:   00000000001a0f80 0000022f5f7ddc30
0x0000007b00bfb9b0:   0000007b00bfbf50 00000000000003d8
0x0000007b00bfb9c0:   0000000000000001 0000000000000000
0x0000007b00bfb9d0:   0000022f5f7ddc40 0000007b00bfbaf0 

Instructions: (pc=0x00007ffc034b7431)
0x00007ffc034b7331:   18 48 8b 88 d8 04 00 00 48 8b 99 80 00 00 00 48
0x00007ffc034b7341:   8b 83 d0 08 00 00 48 85 c0 75 0c e8 ff 08 00 00
0x00007ffc034b7351:   48 8b 83 d0 08 00 00 48 8b 08 0f 57 c0 48 89 8b
0x00007ffc034b7361:   d0 08 00 00 0f 11 00 0f 11 40 10 48 83 c4 20 5b
0x00007ffc034b7371:   c3 cc cc cc cc cc cc cc cc cc cc cc cc cc cc 48
0x00007ffc034b7381:   89 5c 24 08 57 48 83 ec 20 8b da 48 8b f9 e8 6c
0x00007ffc034b7391:   ff ff ff c1 eb 08 3b 5f 04 72 08 44 8d 43 01 44
0x00007ffc034b73a1:   89 47 04 48 8b 4f 08 48 89 04 d9 48 8b 5c 24 30
0x00007ffc034b73b1:   48 83 c4 20 5f c3 cc cc cc cc cc cc cc cc cc 48
0x00007ffc034b73c1:   89 5c 24 08 48 89 6c 24 10 48 89 74 24 18 57 41
0x00007ffc034b73d1:   56 41 57 48 83 ec 20 8b c2 48 8b f9 8b 15 15 1e
0x00007ffc034b73e1:   7e 00 41 be 50 00 00 00 48 8d 34 c5 00 00 00 00
0x00007ffc034b73f1:   48 8b 41 08 48 8b 1c 06 65 48 8b 04 25 58 00 00
0x00007ffc034b7401:   00 48 8b 2c d0 41 80 3c 2e 00 75 05 e8 8a f5 4c
0x00007ffc034b7411:   00 41 bf 20 00 00 00 49 8b 04 2f 48 8b 88 d8 04
0x00007ffc034b7421:   00 00 48 8b 81 80 00 00 00 48 8b 88 d0 08 00 00
0x00007ffc034b7431:   48 89 0b 41 80 3c 2e 00 75 05 e8 5c f5 4c 00 49
0x00007ffc034b7441:   8b 04 2f 48 8b 6c 24 48 48 8b 88 d8 04 00 00 48
0x00007ffc034b7451:   8b 81 80 00 00 00 48 8d 0d 0a 34 7a 00 48 89 98
0x00007ffc034b7461:   d0 08 00 00 48 8b 47 08 48 8b 5c 24 40 48 89 0c
0x00007ffc034b7471:   06 48 8b 74 24 50 48 83 c4 20 41 5f 41 5e 5f c3
0x00007ffc034b7481:   cc cc cc cc cc cc cc cc cc cc cc cc cc cc cc 48
0x00007ffc034b7491:   89 5c 24 18 57 48 83 ec 20 81 c2 ff 00 00 00 33
0x00007ffc034b74a1:   db c1 ea 08 48 8b f9 48 89 19 89 91 90 00 00 00
0x00007ffc034b74b1:   83 fa 10 77 09 48 8d 41 10 e9 9e 00 00 00 65 48
0x00007ffc034b74c1:   8b 04 25 58 00 00 00 8b 0d 2a 1d 7e 00 48 89 6c
0x00007ffc034b74d1:   24 30 48 89 74 24 38 48 8b 34 c8 b8 50 00 00 00
0x00007ffc034b74e1:   38 1c 30 75 05 e8 b1 f4 4c 00 8b af 90 00 00 00
0x00007ffc034b74f1:   48 c1 e5 03 b8 20 00 00 00 48 8b 04 30 48 8b 88
0x00007ffc034b7501:   d8 04 00 00 48 8b 81 80 00 00 00 48 8b b0 c8 08
0x00007ffc034b7511:   00 00 48 8b c5 48 f7 d0 48 3b 46 18 73 12 4c 8d
0x00007ffc034b7521:   05 f2 66 55 00 48 8b d5 48 8b ce e8 af 3e d4 ff 


Stack slot to memory mapping:
stack at sp + 0 slots: 0x00000000000024b2 is an unknown value
stack at sp + 1 slots: 0x0000007b00bfbb30 is pointing into the stack for thread: 0x0000022f5f5de880
stack at sp + 2 slots: 0x0000000000000001 is an unknown value
stack at sp + 3 slots: 0x0000022fa8578440 points into unknown readable memory: 0x0000000000000000 | 00 00 00 00 00 00 00 00
stack at sp + 4 slots: 0x0000022f5f5d70c0 points into unknown readable memory: 0x0000022f00000006 | 06 00 00 00 2f 02 00 00
stack at sp + 5 slots: 0x0000000000000330 is an unknown value
stack at sp + 6 slots: 0x0000007b00bfbb30 is pointing into the stack for thread: 0x0000022f5f5de880
stack at sp + 7 slots: 0x00007ffc036b3076 jvm.dll


---------------  P R O C E S S  ---------------

Threads class SMR info:
_java_thread_list=0x0000022fa93b3b80, length=21, elements={
0x0000022f41d6f060, 0x0000022f5f5c1720, 0x0000022f5f5c25a0, 0x0000022f5f5d8d30,
0x0000022f5f5dc810, 0x0000022f5f5dd1d0, 0x0000022f5f5ddb90, 0x0000022f5f5de880,
0x0000022f5f5df740, 0x0000022f5f758280, 0x0000022f5f7d7940, 0x0000022f5f8c71f0,
0x0000022f5fa553d0, 0x0000022f5fa38460, 0x0000022fa5890910, 0x0000022fa5890df0,
0x0000022fa722d760, 0x0000022fa722dc70, 0x0000022fa722c320, 0x0000022fa722c830,
0x0000022fa722cd40
}

Java Threads: ( => current thread )
  0x0000022f41d6f060 JavaThread "main" [_thread_blocked, id=17536, stack(0x0000007b7fe00000,0x0000007b7ff00000)]
  0x0000022f5f5c1720 JavaThread "Reference Handler" daemon [_thread_blocked, id=12920, stack(0x0000007b00500000,0x0000007b00600000)]
  0x0000022f5f5c25a0 JavaThread "Finalizer" daemon [_thread_blocked, id=6332, stack(0x0000007b00600000,0x0000007b00700000)]
  0x0000022f5f5d8d30 JavaThread "Signal Dispatcher" daemon [_thread_blocked, id=17480, stack(0x0000007b00700000,0x0000007b00800000)]
  0x0000022f5f5dc810 JavaThread "Attach Listener" daemon [_thread_blocked, id=15824, stack(0x0000007b00800000,0x0000007b00900000)]
  0x0000022f5f5dd1d0 JavaThread "Service Thread" daemon [_thread_blocked, id=6528, stack(0x0000007b00900000,0x0000007b00a00000)]
  0x0000022f5f5ddb90 JavaThread "Monitor Deflation Thread" daemon [_thread_blocked, id=16460, stack(0x0000007b00a00000,0x0000007b00b00000)]
=>0x0000022f5f5de880 JavaThread "C2 CompilerThread0" daemon [_thread_in_native, id=11464, stack(0x0000007b00b00000,0x0000007b00c00000)]
  0x0000022f5f5df740 JavaThread "C1 CompilerThread0" daemon [_thread_in_vm, id=14496, stack(0x0000007b00c00000,0x0000007b00d00000)]
  0x0000022f5f758280 JavaThread "Sweeper thread" daemon [_thread_blocked, id=9744, stack(0x0000007b00d00000,0x0000007b00e00000)]
  0x0000022f5f7d7940 JavaThread "Common-Cleaner" daemon [_thread_blocked, id=10748, stack(0x0000007b00e00000,0x0000007b00f00000)]
  0x0000022f5f8c71f0 JavaThread "C2 CompilerThread1" daemon [_thread_in_native, id=11068, stack(0x0000007b00f00000,0x0000007b01000000)]
  0x0000022f5fa553d0 JavaThread "Monitor Ctrl-Break" daemon [_thread_in_native, id=8224, stack(0x0000007b01000000,0x0000007b01100000)]
  0x0000022f5fa38460 JavaThread "Notification Thread" daemon [_thread_blocked, id=15044, stack(0x0000007b01100000,0x0000007b01200000)]
  0x0000022fa5890910 JavaThread "Thread-0" [_thread_blocked, id=17884, stack(0x0000007b01600000,0x0000007b01700000)]
  0x0000022fa5890df0 JavaThread "restartedMain" [_thread_in_vm, id=13648, stack(0x0000007b01700000,0x0000007b01800000)]
  0x0000022fa722d760 JavaThread "Catalina-utility-1" [_thread_blocked, id=9640, stack(0x0000007b01800000,0x0000007b01900000)]
  0x0000022fa722dc70 JavaThread "Catalina-utility-2" [_thread_blocked, id=16732, stack(0x0000007b01900000,0x0000007b01a00000)]
  0x0000022fa722c320 JavaThread "container-0" [_thread_blocked, id=5368, stack(0x0000007b01a00000,0x0000007b01b00000)]
  0x0000022fa722c830 JavaThread "PostgreSQL-JDBC-Cleaner" daemon [_thread_blocked, id=8812, stack(0x0000007b01c00000,0x0000007b01d00000)]
  0x0000022fa722cd40 JavaThread "HikariPool-1 housekeeper" daemon [_thread_blocked, id=17752, stack(0x0000007b01d00000,0x0000007b01e00000)]

Other Threads:
  0x0000022f5f5bbe50 VMThread "VM Thread" [stack: 0x0000007b00400000,0x0000007b00500000] [id=8160]
  0x0000022f5fa558b0 WatcherThread [stack: 0x0000007b01200000,0x0000007b01300000] [id=11552]
  0x0000022f41dc6800 GCTaskThread "GC Thread#0" [stack: 0x0000007b7ff00000,0x0000007b80000000] [id=10836]
  0x0000022fa532f3e0 GCTaskThread "GC Thread#1" [stack: 0x0000007b01300000,0x0000007b01400000] [id=15960]
  0x0000022fa5727820 GCTaskThread "GC Thread#2" [stack: 0x0000007b01400000,0x0000007b01500000] [id=17952]
  0x0000022fa5402cd0 GCTaskThread "GC Thread#3" [stack: 0x0000007b01500000,0x0000007b01600000] [id=3572]
  0x0000022f41dd73d0 ConcurrentGCThread "G1 Main Marker" [stack: 0x0000007b00000000,0x0000007b00100000] [id=9864]
  0x0000022f41dda9a0 ConcurrentGCThread "G1 Conc#0" [stack: 0x0000007b00100000,0x0000007b00200000] [id=10468]
  0x0000022f41e31dd0 ConcurrentGCThread "G1 Refine#0" [stack: 0x0000007b00200000,0x0000007b00300000] [id=10120]
  0x0000022f41e32800 ConcurrentGCThread "G1 Service" [stack: 0x0000007b00300000,0x0000007b00400000] [id=16936]

Threads with active compile tasks:
C2 CompilerThread0    19704 6672       4       org.springframework.core.annotation.TypeMappedAnnotations::get (52 bytes)
C2 CompilerThread1    19704 6729       4       org.springframework.core.annotation.TypeMappedAnnotations::scan (66 bytes)

VM state: not at safepoint (normal execution)

VM Mutex/Monitor currently owned by a thread: None

Heap address: 0x0000000081c00000, size: 2020 MB, Compressed Oops mode: 32-bit

CDS archive(s) mapped at: [0x0000022f60000000-0x0000022f60bd0000-0x0000022f60bd0000), size 12386304, SharedBaseAddress: 0x0000022f60000000, ArchiveRelocationMode: 1.
Compressed class space mapped at: 0x0000022f61000000-0x0000022fa1000000, reserved size: 1073741824
Narrow klass base: 0x0000022f60000000, Narrow klass shift: 0, Narrow klass range: 0x100000000

GC Precious Log:
 CPUs: 4 total, 4 available
 Memory: 8075M
 Large Page Support: Disabled
 NUMA Support: Disabled
 Compressed Oops: Enabled (32-bit)
 Heap Region Size: 1M
 Heap Min Capacity: 8M
 Heap Initial Capacity: 128M
 Heap Max Capacity: 2020M
 Pre-touch: Disabled
 Parallel Workers: 4
 Concurrent Workers: 1
 Concurrent Refinement Workers: 4
 Periodic GC: Disabled

Heap:
 garbage-first heap   total 75776K, used 37668K [0x0000000081c00000, 0x0000000100000000)
  region size 1024K, 9 young (9216K), 3 survivors (3072K)
 Metaspace       used 66157K, committed 66752K, reserved 1114112K
  class space    used 9277K, committed 9600K, reserved 1048576K

Heap Regions: E=young(eden), S=young(survivor), O=old, HS=humongous(starts), HC=humongous(continues), CS=collection set, F=free, OA=open archive, CA=closed archive, TAMS=top-at-mark-start (previous, next)
|   0|0x0000000081c00000, 0x0000000081d00000, 0x0000000081d00000|100%|HS|  |TAMS 0x0000000081d00000, 0x0000000081c00000| Complete 
|   1|0x0000000081d00000, 0x0000000081e00000, 0x0000000081e00000|100%| O|  |TAMS 0x0000000081e00000, 0x0000000081d00000| Untracked 
|   2|0x0000000081e00000, 0x0000000081f00000, 0x0000000081f00000|100%| O|  |TAMS 0x0000000081f00000, 0x0000000081e00000| Untracked 
|   3|0x0000000081f00000, 0x0000000082000000, 0x0000000082000000|100%| O|  |TAMS 0x0000000082000000, 0x0000000081f00000| Untracked 
|   4|0x0000000082000000, 0x0000000082100000, 0x0000000082100000|100%| O|  |TAMS 0x0000000082100000, 0x0000000082000000| Untracked 
|   5|0x0000000082100000, 0x0000000082200000, 0x0000000082200000|100%| O|  |TAMS 0x0000000082200000, 0x0000000082100000| Untracked 
|   6|0x0000000082200000, 0x0000000082300000, 0x0000000082300000|100%| O|  |TAMS 0x0000000082300000, 0x0000000082200000| Untracked 
|   7|0x0000000082300000, 0x0000000082400000, 0x0000000082400000|100%| O|  |TAMS 0x0000000082400000, 0x0000000082300000| Untracked 
|   8|0x0000000082400000, 0x0000000082500000, 0x0000000082500000|100%| O|  |TAMS 0x0000000082500000, 0x0000000082400000| Untracked 
|   9|0x0000000082500000, 0x0000000082600000, 0x0000000082600000|100%| O|  |TAMS 0x0000000082600000, 0x0000000082500000| Untracked 
|  10|0x0000000082600000, 0x0000000082700000, 0x0000000082700000|100%| O|  |TAMS 0x0000000082700000, 0x0000000082600000| Untracked 
|  11|0x0000000082700000, 0x0000000082800000, 0x0000000082800000|100%| O|  |TAMS 0x0000000082800000, 0x0000000082700000| Untracked 
|  12|0x0000000082800000, 0x0000000082900000, 0x0000000082900000|100%| O|  |TAMS 0x0000000082900000, 0x0000000082800000| Untracked 
|  13|0x0000000082900000, 0x0000000082a00000, 0x0000000082a00000|100%| O|  |TAMS 0x0000000082a00000, 0x0000000082900000| Untracked 
|  14|0x0000000082a00000, 0x0000000082b00000, 0x0000000082b00000|100%| O|  |TAMS 0x0000000082b00000, 0x0000000082a00000| Untracked 
|  15|0x0000000082b00000, 0x0000000082c00000, 0x0000000082c00000|100%| O|  |TAMS 0x0000000082c00000, 0x0000000082b00000| Untracked 
|  16|0x0000000082c00000, 0x0000000082d00000, 0x0000000082d00000|100%| O|  |TAMS 0x0000000082d00000, 0x0000000082c00000| Untracked 
|  17|0x0000000082d00000, 0x0000000082e00000, 0x0000000082e00000|100%| O|  |TAMS 0x0000000082e00000, 0x0000000082d00000| Untracked 
|  18|0x0000000082e00000, 0x0000000082f00000, 0x0000000082f00000|100%| O|  |TAMS 0x0000000082f00000, 0x0000000082e00000| Untracked 
|  19|0x0000000082f00000, 0x0000000083000000, 0x0000000083000000|100%| O|  |TAMS 0x0000000083000000, 0x0000000082f00000| Untracked 
|  20|0x0000000083000000, 0x0000000083100000, 0x0000000083100000|100%| O|  |TAMS 0x0000000083100000, 0x0000000083000000| Untracked 
|  21|0x0000000083100000, 0x0000000083200000, 0x0000000083200000|100%| O|  |TAMS 0x0000000083200000, 0x0000000083100000| Untracked 
|  22|0x0000000083200000, 0x0000000083300000, 0x0000000083300000|100%| O|  |TAMS 0x0000000083300000, 0x0000000083200000| Untracked 
|  23|0x0000000083300000, 0x0000000083400000, 0x0000000083400000|100%| O|  |TAMS 0x0000000083400000, 0x0000000083300000| Untracked 
|  24|0x0000000083400000, 0x0000000083500000, 0x0000000083500000|100%| O|  |TAMS 0x0000000083500000, 0x0000000083400000| Untracked 
|  25|0x0000000083500000, 0x0000000083600000, 0x0000000083600000|100%| O|  |TAMS 0x0000000083600000, 0x0000000083500000| Untracked 
|  26|0x0000000083600000, 0x0000000083700000, 0x0000000083700000|100%| O|  |TAMS 0x0000000083700000, 0x0000000083600000| Untracked 
|  27|0x0000000083700000, 0x0000000083800000, 0x0000000083800000|100%| O|  |TAMS 0x0000000083800000, 0x0000000083700000| Untracked 
|  28|0x0000000083800000, 0x00000000838c9000, 0x0000000083900000| 78%| O|  |TAMS 0x00000000838c9000, 0x0000000083800000| Untracked 
|  29|0x0000000083900000, 0x0000000083900000, 0x0000000083a00000|  0%| F|  |TAMS 0x0000000083900000, 0x0000000083900000| Untracked 
|  30|0x0000000083a00000, 0x0000000083a00000, 0x0000000083b00000|  0%| F|  |TAMS 0x0000000083a00000, 0x0000000083a00000| Untracked 
|  31|0x0000000083b00000, 0x0000000083b00000, 0x0000000083c00000|  0%| F|  |TAMS 0x0000000083b00000, 0x0000000083b00000| Untracked 
|  32|0x0000000083c00000, 0x0000000083c00000, 0x0000000083d00000|  0%| F|  |TAMS 0x0000000083c00000, 0x0000000083c00000| Untracked 
|  33|0x0000000083d00000, 0x0000000083d00000, 0x0000000083e00000|  0%| F|  |TAMS 0x0000000083d00000, 0x0000000083d00000| Untracked 
|  34|0x0000000083e00000, 0x0000000083e00000, 0x0000000083f00000|  0%| F|  |TAMS 0x0000000083e00000, 0x0000000083e00000| Untracked 
|  35|0x0000000083f00000, 0x0000000084000000, 0x0000000084000000|100%| S|CS|TAMS 0x0000000083f00000, 0x0000000083f00000| Complete 
|  36|0x0000000084000000, 0x0000000084100000, 0x0000000084100000|100%| S|CS|TAMS 0x0000000084000000, 0x0000000084000000| Complete 
|  37|0x0000000084100000, 0x0000000084200000, 0x0000000084200000|100%| S|CS|TAMS 0x0000000084100000, 0x0000000084100000| Complete 
|  38|0x0000000084200000, 0x0000000084200000, 0x0000000084300000|  0%| F|  |TAMS 0x0000000084200000, 0x0000000084200000| Untracked 
|  39|0x0000000084300000, 0x0000000084300000, 0x0000000084400000|  0%| F|  |TAMS 0x0000000084300000, 0x0000000084300000| Untracked 
|  40|0x0000000084400000, 0x0000000084400000, 0x0000000084500000|  0%| F|  |TAMS 0x0000000084400000, 0x0000000084400000| Untracked 
|  41|0x0000000084500000, 0x0000000084500000, 0x0000000084600000|  0%| F|  |TAMS 0x0000000084500000, 0x0000000084500000| Untracked 
|  42|0x0000000084600000, 0x0000000084600000, 0x0000000084700000|  0%| F|  |TAMS 0x0000000084600000, 0x0000000084600000| Untracked 
|  43|0x0000000084700000, 0x0000000084700000, 0x0000000084800000|  0%| F|  |TAMS 0x0000000084700000, 0x0000000084700000| Untracked 
|  44|0x0000000084800000, 0x0000000084800000, 0x0000000084900000|  0%| F|  |TAMS 0x0000000084800000, 0x0000000084800000| Untracked 
|  45|0x0000000084900000, 0x0000000084900000, 0x0000000084a00000|  0%| F|  |TAMS 0x0000000084900000, 0x0000000084900000| Untracked 
|  46|0x0000000084a00000, 0x0000000084a00000, 0x0000000084b00000|  0%| F|  |TAMS 0x0000000084a00000, 0x0000000084a00000| Untracked 
|  47|0x0000000084b00000, 0x0000000084b00000, 0x0000000084c00000|  0%| F|  |TAMS 0x0000000084b00000, 0x0000000084b00000| Untracked 
|  48|0x0000000084c00000, 0x0000000084c00000, 0x0000000084d00000|  0%| F|  |TAMS 0x0000000084c00000, 0x0000000084c00000| Untracked 
|  49|0x0000000084d00000, 0x0000000084d00000, 0x0000000084e00000|  0%| F|  |TAMS 0x0000000084d00000, 0x0000000084d00000| Untracked 
|  50|0x0000000084e00000, 0x0000000084e00000, 0x0000000084f00000|  0%| F|  |TAMS 0x0000000084e00000, 0x0000000084e00000| Untracked 
|  51|0x0000000084f00000, 0x0000000084f00000, 0x0000000085000000|  0%| F|  |TAMS 0x0000000084f00000, 0x0000000084f00000| Untracked 
|  52|0x0000000085000000, 0x0000000085000000, 0x0000000085100000|  0%| F|  |TAMS 0x0000000085000000, 0x0000000085000000| Untracked 
|  53|0x0000000085100000, 0x0000000085100000, 0x0000000085200000|  0%| F|  |TAMS 0x0000000085100000, 0x0000000085100000| Untracked 
|  54|0x0000000085200000, 0x0000000085200000, 0x0000000085300000|  0%| F|  |TAMS 0x0000000085200000, 0x0000000085200000| Untracked 
|  55|0x0000000085300000, 0x0000000085300000, 0x0000000085400000|  0%| F|  |TAMS 0x0000000085300000, 0x0000000085300000| Untracked 
|  56|0x0000000085400000, 0x0000000085400000, 0x0000000085500000|  0%| F|  |TAMS 0x0000000085400000, 0x0000000085400000| Untracked 
|  57|0x0000000085500000, 0x0000000085500000, 0x0000000085600000|  0%| F|  |TAMS 0x0000000085500000, 0x0000000085500000| Untracked 
|  58|0x0000000085600000, 0x0000000085600000, 0x0000000085700000|  0%| F|  |TAMS 0x0000000085600000, 0x0000000085600000| Untracked 
|  59|0x0000000085700000, 0x0000000085700000, 0x0000000085800000|  0%| F|  |TAMS 0x0000000085700000, 0x0000000085700000| Untracked 
|  60|0x0000000085800000, 0x0000000085800000, 0x0000000085900000|  0%| F|  |TAMS 0x0000000085800000, 0x0000000085800000| Untracked 
|  61|0x0000000085900000, 0x0000000085900000, 0x0000000085a00000|  0%| F|  |TAMS 0x0000000085900000, 0x0000000085900000| Untracked 
|  62|0x0000000085a00000, 0x0000000085a00000, 0x0000000085b00000|  0%| F|  |TAMS 0x0000000085a00000, 0x0000000085a00000| Untracked 
|  63|0x0000000085b00000, 0x0000000085b00000, 0x0000000085c00000|  0%| F|  |TAMS 0x0000000085b00000, 0x0000000085b00000| Untracked 
|  64|0x0000000085c00000, 0x0000000085c00000, 0x0000000085d00000|  0%| F|  |TAMS 0x0000000085c00000, 0x0000000085c00000| Untracked 
|  65|0x0000000085d00000, 0x0000000085d00000, 0x0000000085e00000|  0%| F|  |TAMS 0x0000000085d00000, 0x0000000085d00000| Untracked 
|  66|0x0000000085e00000, 0x0000000085e00000, 0x0000000085f00000|  0%| F|  |TAMS 0x0000000085e00000, 0x0000000085e00000| Untracked 
|  67|0x0000000085f00000, 0x0000000085f00000, 0x0000000086000000|  0%| F|  |TAMS 0x0000000085f00000, 0x0000000085f00000| Untracked 
|  68|0x0000000086000000, 0x0000000086100000, 0x0000000086100000|100%| E|  |TAMS 0x0000000086000000, 0x0000000086000000| Complete 
|  69|0x0000000086100000, 0x0000000086200000, 0x0000000086200000|100%| E|CS|TAMS 0x0000000086100000, 0x0000000086100000| Complete 
|  70|0x0000000086200000, 0x0000000086300000, 0x0000000086300000|100%| E|CS|TAMS 0x0000000086200000, 0x0000000086200000| Complete 
|  71|0x0000000086300000, 0x0000000086400000, 0x0000000086400000|100%| E|CS|TAMS 0x0000000086300000, 0x0000000086300000| Complete 
|  72|0x0000000086400000, 0x0000000086500000, 0x0000000086500000|100%| E|CS|TAMS 0x0000000086400000, 0x0000000086400000| Complete 
| 127|0x0000000089b00000, 0x0000000089c00000, 0x0000000089c00000|100%| E|CS|TAMS 0x0000000089b00000, 0x0000000089b00000| Complete 

Card table byte_map: [0x0000022f58a10000,0x0000022f58e10000] _byte_map_base: 0x0000022f58602000

Marking Bits (Prev, Next): (CMBitMap*) 0x0000022f41dc6e60, (CMBitMap*) 0x0000022f41dc6e20
 Prev Bits: [0x0000022f5b1a0000, 0x0000022f5d130000)
 Next Bits: [0x0000022f59210000, 0x0000022f5b1a0000)

Polling page: 0x0000022f3ff10000

Metaspace:

Usage:
  Non-class:     55.56 MB used.
      Class:      9.06 MB used.
       Both:     64.63 MB used.

Virtual space:
  Non-class space:       64.00 MB reserved,      55.88 MB ( 87%) committed,  1 nodes.
      Class space:        1.00 GB reserved,       9.38 MB ( <1%) committed,  1 nodes.
             Both:        1.06 GB reserved,      65.25 MB (  6%) committed. 

Chunk freelists:
   Non-Class:  7.86 MB
       Class:  6.55 MB
        Both:  14.41 MB

MaxMetaspaceSize: unlimited
CompressedClassSpaceSize: 1.00 GB
Initial GC threshold: 21.00 MB
Current GC threshold: 108.06 MB
CDS: on
MetaspaceReclaimPolicy: balanced
 - commit_granule_bytes: 65536.
 - commit_granule_words: 8192.
 - virtual_space_node_default_size: 8388608.
 - enlarge_chunks_in_place: 1.
 - new_chunks_are_fully_committed: 0.
 - uncommit_free_chunks: 1.
 - use_allocation_guard: 0.
 - handle_deallocations: 1.


Internal statistics:

num_allocs_failed_limit: 12.
num_arena_births: 762.
num_arena_deaths: 0.
num_vsnodes_births: 2.
num_vsnodes_deaths: 0.
num_space_committed: 1044.
num_space_uncommitted: 0.
num_chunks_returned_to_freelist: 12.
num_chunks_taken_from_freelist: 3200.
num_chunk_merges: 9.
num_chunk_splits: 2323.
num_chunks_enlarged: 1827.
num_inconsistent_stats: 0.

CodeHeap 'non-profiled nmethods': size=120000Kb used=4064Kb max_used=4064Kb free=115936Kb
 bounds [0x0000022f510e0000, 0x0000022f514e0000, 0x0000022f58610000]
CodeHeap 'profiled nmethods': size=120000Kb used=11221Kb max_used=11227Kb free=108778Kb
 bounds [0x0000022f49610000, 0x0000022f4a110000, 0x0000022f50b40000]
CodeHeap 'non-nmethods': size=5760Kb used=1324Kb max_used=1406Kb free=4435Kb
 bounds [0x0000022f50b40000, 0x0000022f50db0000, 0x0000022f510e0000]
 total_blobs=6677 nmethods=6024 adapters=565
 compilation: enabled
              stopped_count=0, restarted_count=0
 full_count=0

Compilation events (20 events):
Event: 19.435 Thread 0x0000022f5f5df740 nmethod 6805 0x0000022f4a0faf10 code [0x0000022f4a0fb220, 0x0000022f4a0fbaf8]
Event: 19.435 Thread 0x0000022f5f5df740 6808       2       java.util.stream.Collectors::joining (34 bytes)
Event: 19.436 Thread 0x0000022f5f5df740 nmethod 6808 0x0000022f4a0fc390 code [0x0000022f4a0fc560, 0x0000022f4a0fca48]
Event: 19.436 Thread 0x0000022f5f5df740 6809       2       java.util.stream.Collectors::lambda$joining$11 (11 bytes)
Event: 19.436 Thread 0x0000022f5f5df740 nmethod 6809 0x0000022f4a0fcb90 code [0x0000022f4a0fcd20, 0x0000022f4a0fcea8]
Event: 19.436 Thread 0x0000022f5f5df740 6806       2       java.lang.reflect.Method::specificToStringHeader (44 bytes)
Event: 19.438 Thread 0x0000022f5f5df740 nmethod 6806 0x0000022f4a0fcf90 code [0x0000022f4a0fd180, 0x0000022f4a0fd3a8]
Event: 19.439 Thread 0x0000022f5f5df740 6810       2       java.lang.reflect.Executable$$Lambda$1327/0x0000022f61550db8::apply (13 bytes)
Event: 19.439 Thread 0x0000022f5f5df740 nmethod 6810 0x0000022f4a0fd590 code [0x0000022f4a0fd740, 0x0000022f4a0fd8a8]
Event: 19.440 Thread 0x0000022f5f5df740 6811       2       java.lang.reflect.Modifier::toString (185 bytes)
Event: 19.441 Thread 0x0000022f5f5df740 nmethod 6811 0x0000022f4a0fd990 code [0x0000022f4a0fdbe0, 0x0000022f4a0fe038]
Event: 19.441 Thread 0x0000022f5f5df740 6812       2       java.lang.reflect.Executable::printModifiersIfNonzero (101 bytes)
Event: 19.442 Thread 0x0000022f5f5df740 nmethod 6812 0x0000022f4a0fe210 code [0x0000022f4a0fe440, 0x0000022f4a0fe768]
Event: 19.444 Thread 0x0000022f5f5df740 6813       2       java.util.concurrent.ConcurrentHashMap::compareComparables (27 bytes)
Event: 19.445 Thread 0x0000022f5f5df740 nmethod 6813 0x0000022f4a0fea10 code [0x0000022f4a0febc0, 0x0000022f4a0fed68]
Event: 19.445 Thread 0x0000022f5f5df740 6814       2       org.springframework.core.MethodClassKey::compareTo (9 bytes)
Event: 19.446 Thread 0x0000022f5f5df740 nmethod 6814 0x0000022f4a0fee90 code [0x0000022f4a0ff020, 0x0000022f4a0ff188]
Event: 19.451 Thread 0x0000022f5f5df740 6815       3       java.util.stream.Collectors$$Lambda$44/0x800000052::accept (12 bytes)
Event: 19.451 Thread 0x0000022f5f5df740 nmethod 6815 0x0000022f4a0ff290 code [0x0000022f4a0ff440, 0x0000022f4a0ff788]
Event: 19.456 Thread 0x0000022f5f5df740 6816 % !   3       java.util.concurrent.ConcurrentHashMap::transfer @ 96 (849 bytes)

GC Heap History (20 events):
Event: 15.237 GC heap before
{Heap before GC invocations=16 (full 0):
 garbage-first heap   total 51200K, used 40467K [0x0000000081c00000, 0x0000000100000000)
  region size 1024K, 19 young (19456K), 2 survivors (2048K)
 Metaspace       used 55329K, committed 55808K, reserved 1114112K
  class space    used 7572K, committed 7808K, reserved 1048576K
}
Event: 15.242 GC heap after
{Heap after GC invocations=17 (full 0):
 garbage-first heap   total 51200K, used 24744K [0x0000000081c00000, 0x0000000100000000)
  region size 1024K, 3 young (3072K), 3 survivors (3072K)
 Metaspace       used 55329K, committed 55808K, reserved 1114112K
  class space    used 7572K, committed 7808K, reserved 1048576K
}
Event: 16.066 GC heap before
{Heap before GC invocations=17 (full 0):
 garbage-first heap   total 51200K, used 42152K [0x0000000081c00000, 0x0000000100000000)
  region size 1024K, 20 young (20480K), 3 survivors (3072K)
 Metaspace       used 57949K, committed 58432K, reserved 1114112K
  class space    used 7890K, committed 8128K, reserved 1048576K
}
Event: 16.076 GC heap after
{Heap after GC invocations=18 (full 0):
 garbage-first heap   total 51200K, used 26349K [0x0000000081c00000, 0x0000000100000000)
  region size 1024K, 3 young (3072K), 3 survivors (3072K)
 Metaspace       used 57949K, committed 58432K, reserved 1114112K
  class space    used 7890K, committed 8128K, reserved 1048576K
}
Event: 16.917 GC heap before
{Heap before GC invocations=18 (full 0):
 garbage-first heap   total 51200K, used 38637K [0x0000000081c00000, 0x0000000100000000)
  region size 1024K, 16 young (16384K), 3 survivors (3072K)
 Metaspace       used 59827K, committed 60288K, reserved 1114112K
  class space    used 8173K, committed 8384K, reserved 1048576K
}
Event: 16.924 GC heap after
{Heap after GC invocations=19 (full 0):
 garbage-first heap   total 51200K, used 27343K [0x0000000081c00000, 0x0000000100000000)
  region size 1024K, 1 young (1024K), 1 survivors (1024K)
 Metaspace       used 59827K, committed 60288K, reserved 1114112K
  class space    used 8173K, committed 8384K, reserved 1048576K
}
Event: 17.277 GC heap before
{Heap before GC invocations=20 (full 0):
 garbage-first heap   total 51200K, used 41679K [0x0000000081c00000, 0x0000000100000000)
  region size 1024K, 15 young (15360K), 1 survivors (1024K)
 Metaspace       used 60735K, committed 61248K, reserved 1114112K
  class space    used 8382K, committed 8640K, reserved 1048576K
}
Event: 17.283 GC heap after
{Heap after GC invocations=21 (full 0):
 garbage-first heap   total 51200K, used 27882K [0x0000000081c00000, 0x0000000100000000)
  region size 1024K, 2 young (2048K), 2 survivors (2048K)
 Metaspace       used 60735K, committed 61248K, reserved 1114112K
  class space    used 8382K, committed 8640K, reserved 1048576K
}
Event: 17.666 GC heap before
{Heap before GC invocations=22 (full 0):
 garbage-first heap   total 51200K, used 42218K [0x0000000081c00000, 0x0000000100000000)
  region size 1024K, 16 young (16384K), 2 survivors (2048K)
 Metaspace       used 61703K, committed 62208K, reserved 1114112K
  class space    used 8676K, committed 8896K, reserved 1048576K
}
Event: 17.673 GC heap after
{Heap after GC invocations=23 (full 0):
 garbage-first heap   total 51200K, used 29475K [0x0000000081c00000, 0x0000000100000000)
  region size 1024K, 2 young (2048K), 2 survivors (2048K)
 Metaspace       used 61703K, committed 62208K, reserved 1114112K
  class space    used 8676K, committed 8896K, reserved 1048576K
}
Event: 17.951 GC heap before
{Heap before GC invocations=23 (full 0):
 garbage-first heap   total 51200K, used 40739K [0x0000000081c00000, 0x0000000100000000)
  region size 1024K, 14 young (14336K), 2 survivors (2048K)
 Metaspace       used 63028K, committed 63552K, reserved 1114112K
  class space    used 8853K, committed 9088K, reserved 1048576K
}
Event: 17.956 GC heap after
{Heap after GC invocations=24 (full 0):
 garbage-first heap   total 51200K, used 29935K [0x0000000081c00000, 0x0000000100000000)
  region size 1024K, 1 young (1024K), 1 survivors (1024K)
 Metaspace       used 63028K, committed 63552K, reserved 1114112K
  class space    used 8853K, committed 9088K, reserved 1048576K
}
Event: 18.271 GC heap before
{Heap before GC invocations=25 (full 0):
 garbage-first heap   total 60416K, used 42223K [0x0000000081c00000, 0x0000000100000000)
  region size 1024K, 13 young (13312K), 1 survivors (1024K)
 Metaspace       used 63379K, committed 63872K, reserved 1114112K
  class space    used 8915K, committed 9152K, reserved 1048576K
}
Event: 18.277 GC heap after
{Heap after GC invocations=26 (full 0):
 garbage-first heap   total 60416K, used 30296K [0x0000000081c00000, 0x0000000100000000)
  region size 1024K, 1 young (1024K), 1 survivors (1024K)
 Metaspace       used 63379K, committed 63872K, reserved 1114112K
  class space    used 8915K, committed 9152K, reserved 1048576K
}
Event: 18.523 GC heap before
{Heap before GC invocations=26 (full 0):
 garbage-first heap   total 60416K, used 49752K [0x0000000081c00000, 0x0000000100000000)
  region size 1024K, 20 young (20480K), 1 survivors (1024K)
 Metaspace       used 63527K, committed 64064K, reserved 1114112K
  class space    used 8929K, committed 9152K, reserved 1048576K
}
Event: 18.526 GC heap after
{Heap after GC invocations=27 (full 0):
 garbage-first heap   total 60416K, used 30689K [0x0000000081c00000, 0x0000000100000000)
  region size 1024K, 2 young (2048K), 2 survivors (2048K)
 Metaspace       used 63527K, committed 64064K, reserved 1114112K
  class space    used 8929K, committed 9152K, reserved 1048576K
}
Event: 18.825 GC heap before
{Heap before GC invocations=28 (full 0):
 garbage-first heap   total 60416K, used 49121K [0x0000000081c00000, 0x0000000100000000)
  region size 1024K, 20 young (20480K), 2 survivors (2048K)
 Metaspace       used 63689K, committed 64256K, reserved 1114112K
  class space    used 8942K, committed 9216K, reserved 1048576K
}
Event: 18.831 GC heap after
{Heap after GC invocations=29 (full 0):
 garbage-first heap   total 60416K, used 31092K [0x0000000081c00000, 0x0000000100000000)
  region size 1024K, 2 young (2048K), 2 survivors (2048K)
 Metaspace       used 63689K, committed 64256K, reserved 1114112K
  class space    used 8942K, committed 9216K, reserved 1048576K
}
Event: 19.428 GC heap before
{Heap before GC invocations=29 (full 0):
 garbage-first heap   total 60416K, used 50548K [0x0000000081c00000, 0x0000000100000000)
  region size 1024K, 21 young (21504K), 2 survivors (2048K)
 Metaspace       used 65489K, committed 66048K, reserved 1114112K
  class space    used 9176K, committed 9472K, reserved 1048576K
}
Event: 19.435 GC heap after
{Heap after GC invocations=30 (full 0):
 garbage-first heap   total 75776K, used 32548K [0x0000000081c00000, 0x0000000100000000)
  region size 1024K, 3 young (3072K), 3 survivors (3072K)
 Metaspace       used 65489K, committed 66048K, reserved 1114112K
  class space    used 9176K, committed 9472K, reserved 1048576K
}

Deoptimization events (20 events):
Event: 19.308 Thread 0x0000022fa5890df0 Uncommon trap: trap_request=0xffffffde fr.pc=0x0000022f51127300 relative=0x00000000000000c0
Event: 19.308 Thread 0x0000022fa5890df0 Uncommon trap: reason=class_check action=maybe_recompile pc=0x0000022f51127300 method=org.springframework.core.SerializableTypeWrapper.unwrap(Ljava/lang/reflect/Type;)Ljava/lang/reflect/Type; @ 20 c2
Event: 19.308 Thread 0x0000022fa5890df0 DEOPT PACKING pc=0x0000022f51127300 sp=0x0000007b017fb500
Event: 19.308 Thread 0x0000022fa5890df0 DEOPT UNPACKING pc=0x0000022f50b923a3 sp=0x0000007b017fb488 mode 2
Event: 19.308 Thread 0x0000022fa5890df0 Uncommon trap: trap_request=0xffffffde fr.pc=0x0000022f51127310 relative=0x00000000000000d0
Event: 19.308 Thread 0x0000022fa5890df0 Uncommon trap: reason=class_check action=maybe_recompile pc=0x0000022f51127310 method=org.springframework.core.SerializableTypeWrapper.unwrap(Ljava/lang/reflect/Type;)Ljava/lang/reflect/Type; @ 10 c2
Event: 19.308 Thread 0x0000022fa5890df0 DEOPT PACKING pc=0x0000022f51127310 sp=0x0000007b017fb410
Event: 19.308 Thread 0x0000022fa5890df0 DEOPT UNPACKING pc=0x0000022f50b923a3 sp=0x0000007b017fb398 mode 2
Event: 19.310 Thread 0x0000022fa5890df0 Uncommon trap: trap_request=0xffffff45 fr.pc=0x0000022f512d847c relative=0x00000000000046fc
Event: 19.310 Thread 0x0000022fa5890df0 Uncommon trap: reason=unstable_if action=reinterpret pc=0x0000022f512d847c method=org.springframework.beans.factory.support.AbstractBeanFactory.isTypeMatch(Ljava/lang/String;Lorg/springframework/core/ResolvableType;Z)Z @ 571 c2
Event: 19.310 Thread 0x0000022fa5890df0 DEOPT PACKING pc=0x0000022f512d847c sp=0x0000007b017fa970
Event: 19.310 Thread 0x0000022fa5890df0 DEOPT UNPACKING pc=0x0000022f50b923a3 sp=0x0000007b017fa978 mode 2
Event: 19.322 Thread 0x0000022fa5890df0 Uncommon trap: trap_request=0xffffffde fr.pc=0x0000022f51127300 relative=0x00000000000000c0
Event: 19.322 Thread 0x0000022fa5890df0 Uncommon trap: reason=class_check action=maybe_recompile pc=0x0000022f51127300 method=org.springframework.core.SerializableTypeWrapper.unwrap(Ljava/lang/reflect/Type;)Ljava/lang/reflect/Type; @ 20 c2
Event: 19.322 Thread 0x0000022fa5890df0 DEOPT PACKING pc=0x0000022f51127300 sp=0x0000007b017fb6a0
Event: 19.322 Thread 0x0000022fa5890df0 DEOPT UNPACKING pc=0x0000022f50b923a3 sp=0x0000007b017fb628 mode 2
Event: 19.450 Thread 0x0000022fa5890df0 Uncommon trap: trap_request=0xffffff45 fr.pc=0x0000022f51188f18 relative=0x0000000000000fb8
Event: 19.450 Thread 0x0000022fa5890df0 Uncommon trap: reason=unstable_if action=reinterpret pc=0x0000022f51188f18 method=java.util.concurrent.ConcurrentHashMap.transfer([Ljava/util/concurrent/ConcurrentHashMap$Node;[Ljava/util/concurrent/ConcurrentHashMap$Node;)V @ 352 c2
Event: 19.450 Thread 0x0000022fa5890df0 DEOPT PACKING pc=0x0000022f51188f18 sp=0x0000007b017f9ec0
Event: 19.450 Thread 0x0000022fa5890df0 DEOPT UNPACKING pc=0x0000022f50b923a3 sp=0x0000007b017f9e28 mode 2

Classes unloaded (0 events):
No events

Classes redefined (0 events):
No events

Internal exceptions (20 events):
Event: 16.279 Thread 0x0000022fa5890df0 Exception <a 'java/lang/NoSuchMethodError'{0x00000000855f0238}: 'java.lang.Object java.lang.invoke.Invokers$Holder.invoke_MT(java.lang.Object, java.lang.Object, java.lang.Object, java.lang.Object, java.lang.Object, java.lang.Object, java.lang.Object, java.lang.Object, java.lang.Object)'> (0x00000000855f0238) 
thrown [s\open\src\hotspot\share\interpreter\linkResolver.cpp, line 759]
Event: 16.292 Thread 0x0000022fa5890df0 Exception <a 'java/lang/IncompatibleClassChangeError'{0x000000008541a178}: Found class java.lang.Object, but interface was expected> (0x000000008541a178) 
thrown [s\open\src\hotspot\share\interpreter\linkResolver.cpp, line 826]
Event: 17.252 Thread 0x0000022fa5890df0 Exception <a 'java/lang/reflect/InvocationTargetException'{0x0000000083f29698}> (0x0000000083f29698) 
thrown [s\open\src\hotspot\share\runtime\reflection.cpp, line 1121]
Event: 18.093 Thread 0x0000022fa5890df0 Exception <a 'java/lang/reflect/InvocationTargetException'{0x000000008563c878}> (0x000000008563c878) 
thrown [s\open\src\hotspot\share\runtime\reflection.cpp, line 1121]
Event: 18.124 Thread 0x0000022fa5890df0 Exception <a 'java/lang/NoSuchMethodError'{0x000000008568d780}: 'java.lang.Object java.lang.invoke.DirectMethodHandle$Holder.invokeStatic(java.lang.Object, int, java.lang.Object)'> (0x000000008568d780) 
thrown [s\open\src\hotspot\share\interpreter\linkResolver.cpp, line 759]
Event: 18.180 Thread 0x0000022fa5890df0 Exception <a 'java/lang/reflect/InvocationTargetException'{0x00000000854973e0}> (0x00000000854973e0) 
thrown [s\open\src\hotspot\share\runtime\reflection.cpp, line 1121]
Event: 18.236 Thread 0x0000022fa5890df0 Exception <a 'java/lang/reflect/InvocationTargetException'{0x0000000084cf77a0}> (0x0000000084cf77a0) 
thrown [s\open\src\hotspot\share\runtime\reflection.cpp, line 1121]
Event: 18.242 Thread 0x0000022fa5890df0 Exception <a 'java/lang/reflect/InvocationTargetException'{0x0000000084b10388}> (0x0000000084b10388) 
thrown [s\open\src\hotspot\share\runtime\reflection.cpp, line 1121]
Event: 18.335 Thread 0x0000022fa5890df0 Exception <a 'java/lang/reflect/InvocationTargetException'{0x00000000856b4050}> (0x00000000856b4050) 
thrown [s\open\src\hotspot\share\runtime\reflection.cpp, line 1121]
Event: 18.348 Thread 0x0000022fa5890df0 Exception <a 'java/lang/reflect/InvocationTargetException'{0x000000008550f428}> (0x000000008550f428) 
thrown [s\open\src\hotspot\share\runtime\reflection.cpp, line 1121]
Event: 18.358 Thread 0x0000022fa5890df0 Exception <a 'java/lang/reflect/InvocationTargetException'{0x00000000855d35a0}> (0x00000000855d35a0) 
thrown [s\open\src\hotspot\share\runtime\reflection.cpp, line 1121]
Event: 18.450 Thread 0x0000022fa5890df0 Exception <a 'java/lang/reflect/InvocationTargetException'{0x0000000084848d28}> (0x0000000084848d28) 
thrown [s\open\src\hotspot\share\runtime\reflection.cpp, line 1121]
Event: 18.455 Thread 0x0000022fa5890df0 Exception <a 'java/lang/reflect/InvocationTargetException'{0x0000000084854f78}> (0x0000000084854f78) 
thrown [s\open\src\hotspot\share\runtime\reflection.cpp, line 1121]
Event: 18.564 Thread 0x0000022fa5890df0 Exception <a 'java/lang/reflect/InvocationTargetException'{0x0000000089ba49b8}> (0x0000000089ba49b8) 
thrown [s\open\src\hotspot\share\runtime\reflection.cpp, line 1121]
Event: 18.568 Thread 0x0000022fa5890df0 Exception <a 'java/lang/reflect/InvocationTargetException'{0x0000000089bb4c38}> (0x0000000089bb4c38) 
thrown [s\open\src\hotspot\share\runtime\reflection.cpp, line 1121]
Event: 18.695 Thread 0x0000022fa5890df0 Exception <a 'java/lang/reflect/InvocationTargetException'{0x0000000085435658}> (0x0000000085435658) 
thrown [s\open\src\hotspot\share\runtime\reflection.cpp, line 1121]
Event: 18.701 Thread 0x0000022fa5890df0 Exception <a 'java/lang/reflect/InvocationTargetException'{0x000000008545b620}> (0x000000008545b620) 
thrown [s\open\src\hotspot\share\runtime\reflection.cpp, line 1121]
Event: 18.707 Thread 0x0000022fa5890df0 Exception <a 'java/lang/reflect/InvocationTargetException'{0x0000000085485498}> (0x0000000085485498) 
thrown [s\open\src\hotspot\share\runtime\reflection.cpp, line 1121]
Event: 18.892 Thread 0x0000022fa5890df0 Exception <a 'java/lang/NoSuchMethodError'{0x000000008584edf8}: 'java.lang.Object java.lang.invoke.DirectMethodHandle$Holder.invokeInterface(java.lang.Object, java.lang.Object, java.lang.Object, java.lang.Object)'> (0x000000008584edf8) 
thrown [s\open\src\hotspot\share\interpreter\linkResolver.cpp, line 759]
Event: 19.356 Thread 0x0000022fa5890df0 Exception <a 'sun/nio/fs/WindowsException'{0x0000000084616f90}> (0x0000000084616f90) 
thrown [s\open\src\hotspot\share\prims\jni.cpp, line 516]

VM Operations (20 events):
Event: 18.064 Executing VM operation: G1Concurrent
Event: 18.069 Executing VM operation: G1Concurrent done
Event: 18.118 Executing VM operation: G1Concurrent
Event: 18.118 Executing VM operation: G1Concurrent done
Event: 18.230 Executing VM operation: HandshakeAllThreads
Event: 18.230 Executing VM operation: HandshakeAllThreads done
Event: 18.271 Executing VM operation: G1CollectForAllocation
Event: 18.277 Executing VM operation: G1CollectForAllocation done
Event: 18.523 Executing VM operation: G1CollectForAllocation
Event: 18.526 Executing VM operation: G1CollectForAllocation done
Event: 18.637 Executing VM operation: G1Concurrent
Event: 18.642 Executing VM operation: G1Concurrent done
Event: 18.691 Executing VM operation: G1Concurrent
Event: 18.692 Executing VM operation: G1Concurrent done
Event: 18.825 Executing VM operation: G1CollectForAllocation
Event: 18.831 Executing VM operation: G1CollectForAllocation done
Event: 19.320 Executing VM operation: HandshakeAllThreads
Event: 19.320 Executing VM operation: HandshakeAllThreads done
Event: 19.428 Executing VM operation: G1CollectForAllocation
Event: 19.438 Executing VM operation: G1CollectForAllocation done

Events (20 events):
Event: 16.760 loading class java/util/EmptyStackException done
Event: 16.813 loading class java/io/InvalidClassException
Event: 16.813 loading class java/io/InvalidClassException done
Event: 16.856 loading class java/util/ArrayList$ListItr
Event: 16.857 loading class java/util/ArrayList$ListItr done
Event: 18.667 Thread 0x0000022fa80ea600 Thread exited: 0x0000022fa80ea600
Event: 18.922 loading class java/time/DurationEditor
Event: 18.922 loading class java/time/DurationEditor done
Event: 19.089 loading class java/util/Collections$SynchronizedRandomAccessList
Event: 19.089 loading class java/util/Collections$SynchronizedList
Event: 19.089 loading class java/util/Collections$SynchronizedList done
Event: 19.089 loading class java/util/Collections$SynchronizedRandomAccessList done
Event: 19.395 loading class java/util/EnumMap$EntrySet
Event: 19.395 loading class java/util/EnumMap$EntrySet done
Event: 19.395 loading class java/util/EnumMap$EntryIterator
Event: 19.396 loading class java/util/EnumMap$EnumMapIterator
Event: 19.396 loading class java/util/EnumMap$EnumMapIterator done
Event: 19.396 loading class java/util/EnumMap$EntryIterator done
Event: 19.400 loading class java/lang/reflect/MalformedParametersException
Event: 19.400 loading class java/lang/reflect/MalformedParametersException done


Dynamic libraries:
0x00007ff696310000 - 0x00007ff696320000 	C:\Program Files\Java\jdk-17\bin\java.exe
0x00007ffc6bdd0000 - 0x00007ffc6bfc8000 	C:\WINDOWS\SYSTEM32\ntdll.dll
0x00007ffc6a410000 - 0x00007ffc6a4cd000 	C:\WINDOWS\System32\KERNEL32.DLL
0x00007ffc69580000 - 0x00007ffc69876000 	C:\WINDOWS\System32\KERNELBASE.dll
0x00007ffc699e0000 - 0x00007ffc69ae0000 	C:\WINDOWS\System32\ucrtbase.dll
0x00007ffc3b1d0000 - 0x00007ffc3b1eb000 	C:\Program Files\Java\jdk-17\bin\VCRUNTIME140.dll
0x00007ffc35840000 - 0x00007ffc35859000 	C:\Program Files\Java\jdk-17\bin\jli.dll
0x00007ffc6ae20000 - 0x00007ffc6aecf000 	C:\WINDOWS\System32\ADVAPI32.dll
0x00007ffc6a370000 - 0x00007ffc6a40e000 	C:\WINDOWS\System32\msvcrt.dll
0x00007ffc69fb0000 - 0x00007ffc6a04c000 	C:\WINDOWS\System32\sechost.dll
0x00007ffc6a680000 - 0x00007ffc6a7a6000 	C:\WINDOWS\System32\RPCRT4.dll
0x00007ffc6a050000 - 0x00007ffc6a1ee000 	C:\WINDOWS\System32\USER32.dll
0x00007ffc69e00000 - 0x00007ffc69e22000 	C:\WINDOWS\System32\win32u.dll
0x00007ffc6a340000 - 0x00007ffc6a36c000 	C:\WINDOWS\System32\GDI32.dll
0x00007ffc69c70000 - 0x00007ffc69d8a000 	C:\WINDOWS\System32\gdi32full.dll
0x00007ffc694e0000 - 0x00007ffc6957d000 	C:\WINDOWS\System32\msvcp_win.dll
0x00007ffc5f1a0000 - 0x00007ffc5f43a000 	C:\WINDOWS\WinSxS\amd64_microsoft.windows.common-controls_6595b64144ccf1df_6.0.19041.3636_none_60b6a03d71f818d5\COMCTL32.dll
0x00007ffc5e370000 - 0x00007ffc5e37a000 	C:\WINDOWS\SYSTEM32\VERSION.dll
0x00007ffc6bc30000 - 0x00007ffc6bc60000 	C:\WINDOWS\System32\IMM32.DLL
0x00007ffc58c00000 - 0x00007ffc58c0c000 	C:\Program Files\Java\jdk-17\bin\vcruntime140_1.dll
0x00007ffc03d40000 - 0x00007ffc03dce000 	C:\Program Files\Java\jdk-17\bin\msvcp140.dll
0x00007ffc03150000 - 0x00007ffc03d31000 	C:\Program Files\Java\jdk-17\bin\server\jvm.dll
0x00007ffc6ac20000 - 0x00007ffc6ac28000 	C:\WINDOWS\System32\PSAPI.DLL
0x00007ffc5ded0000 - 0x00007ffc5def7000 	C:\WINDOWS\SYSTEM32\WINMM.dll
0x00007ffc64b00000 - 0x00007ffc64b09000 	C:\WINDOWS\SYSTEM32\WSOCK32.dll
0x00007ffc6a2d0000 - 0x00007ffc6a33b000 	C:\WINDOWS\System32\WS2_32.dll
0x00007ffc67290000 - 0x00007ffc672a2000 	C:\WINDOWS\SYSTEM32\kernel.appcore.dll
0x00007ffc58450000 - 0x00007ffc5845a000 	C:\Program Files\Java\jdk-17\bin\jimage.dll
0x00007ffc55f00000 - 0x00007ffc560e4000 	C:\WINDOWS\SYSTEM32\DBGHELP.DLL
0x00007ffc55cb0000 - 0x00007ffc55ce4000 	C:\WINDOWS\SYSTEM32\dbgcore.DLL
0x00007ffc69b90000 - 0x00007ffc69c12000 	C:\WINDOWS\System32\bcryptPrimitives.dll
0x00007ffc5ed80000 - 0x00007ffc5ed8e000 	C:\Program Files\Java\jdk-17\bin\instrument.dll
0x00007ffc35630000 - 0x00007ffc35655000 	C:\Program Files\Java\jdk-17\bin\java.dll
0x00007ffc03070000 - 0x00007ffc03147000 	C:\Program Files\Java\jdk-17\bin\jsvml.dll
0x00007ffc6b070000 - 0x00007ffc6b7b4000 	C:\WINDOWS\System32\SHELL32.dll
0x00007ffc67570000 - 0x00007ffc67d0b000 	C:\WINDOWS\SYSTEM32\windows.storage.dll
0x00007ffc6a7b0000 - 0x00007ffc6ab04000 	C:\WINDOWS\System32\combase.dll
0x00007ffc68e80000 - 0x00007ffc68ead000 	C:\WINDOWS\SYSTEM32\Wldp.dll
0x00007ffc6ac30000 - 0x00007ffc6acdd000 	C:\WINDOWS\System32\SHCORE.dll
0x00007ffc6aee0000 - 0x00007ffc6af35000 	C:\WINDOWS\System32\shlwapi.dll
0x00007ffc693e0000 - 0x00007ffc69405000 	C:\WINDOWS\SYSTEM32\profapi.dll
0x00007ffc1ffd0000 - 0x00007ffc1ffe8000 	C:\Program Files\Java\jdk-17\bin\zip.dll
0x00007ffc35100000 - 0x00007ffc35119000 	C:\Program Files\Java\jdk-17\bin\net.dll
0x00007ffc5f440000 - 0x00007ffc5f54a000 	C:\WINDOWS\SYSTEM32\WINHTTP.dll
0x00007ffc68b80000 - 0x00007ffc68bea000 	C:\WINDOWS\system32\mswsock.dll
0x00007ffc1fff0000 - 0x00007ffc20006000 	C:\Program Files\Java\jdk-17\bin\nio.dll
0x00007ffc5d790000 - 0x00007ffc5d7aa000 	C:\Program Files\JetBrains\IntelliJ IDEA Community Edition 2023.2.3\bin\breakgen64.dll
0x00007ffc5ed70000 - 0x00007ffc5ed7a000 	C:\Program Files\Java\jdk-17\bin\management.dll
0x00007ffc5e150000 - 0x00007ffc5e15b000 	C:\Program Files\Java\jdk-17\bin\management_ext.dll
0x00007ffc68d70000 - 0x00007ffc68d88000 	C:\WINDOWS\SYSTEM32\CRYPTSP.dll
0x00007ffc684b0000 - 0x00007ffc684e4000 	C:\WINDOWS\system32\rsaenh.dll
0x00007ffc694b0000 - 0x00007ffc694d7000 	C:\WINDOWS\System32\bcrypt.dll
0x00007ffc693a0000 - 0x00007ffc693ce000 	C:\WINDOWS\SYSTEM32\USERENV.dll
0x00007ffc68d90000 - 0x00007ffc68d9c000 	C:\WINDOWS\SYSTEM32\CRYPTBASE.dll
0x00007ffc68870000 - 0x00007ffc688ab000 	C:\WINDOWS\SYSTEM32\IPHLPAPI.DLL
0x00007ffc6ace0000 - 0x00007ffc6ace8000 	C:\WINDOWS\System32\NSI.dll
0x00007ffc628e0000 - 0x00007ffc628f7000 	C:\WINDOWS\SYSTEM32\dhcpcsvc6.DLL
0x00007ffc5f8e0000 - 0x00007ffc5f8fd000 	C:\WINDOWS\SYSTEM32\dhcpcsvc.DLL
0x00007ffc688b0000 - 0x00007ffc6897a000 	C:\WINDOWS\SYSTEM32\DNSAPI.dll
0x00007ffc5d660000 - 0x00007ffc5d66e000 	C:\Program Files\Java\jdk-17\bin\sunmscapi.dll
0x00007ffc69880000 - 0x00007ffc699dd000 	C:\WINDOWS\System32\CRYPT32.dll
0x00007ffc68ef0000 - 0x00007ffc68f17000 	C:\WINDOWS\SYSTEM32\ncrypt.dll
0x00007ffc68eb0000 - 0x00007ffc68eeb000 	C:\WINDOWS\SYSTEM32\NTASN1.dll
0x00007ffc55100000 - 0x00007ffc55110000 	C:\Program Files\Java\jdk-17\bin\verify.dll
0x00007ffc5cb70000 - 0x00007ffc5cb7a000 	C:\Windows\System32\rasadhlp.dll
0x00007ffc5c9d0000 - 0x00007ffc5ca50000 	C:\WINDOWS\System32\fwpuclnt.dll

dbghelp: loaded successfully - version: 4.0.5 - missing functions: none
symbol engine: initialized successfully - sym options: 0x614 - pdb path: .;C:\Program Files\Java\jdk-17\bin;C:\WINDOWS\SYSTEM32;C:\WINDOWS\WinSxS\amd64_microsoft.windows.common-controls_6595b64144ccf1df_6.0.19041.3636_none_60b6a03d71f818d5;C:\Program Files\Java\jdk-17\bin\server;C:\Program Files\JetBrains\IntelliJ IDEA Community Edition 2023.2.3\bin

VM Arguments:
jvm_args: -javaagent:C:\Program Files\JetBrains\IntelliJ IDEA Community Edition 2023.2.3\lib\idea_rt.jar=56312:C:\Program Files\JetBrains\IntelliJ IDEA Community Edition 2023.2.3\bin -Dfile.encoding=UTF-8 
java_command: com.spring.rentACar.Application
java_class_path (initial): C:\Users\ASUS-PC\Desktop\tobeto-çalýþmalar\17.11.23-WS-HW\tobeto.rentACar\target\classes;C:\Users\ASUS-PC\.m2\repository\org\springframework\boot\spring-boot-starter-web\3.1.5\spring-boot-starter-web-3.1.5.jar;C:\Users\ASUS-PC\.m2\repository\org\springframework\boot\spring-boot-starter\3.1.5\spring-boot-starter-3.1.5.jar;C:\Users\ASUS-PC\.m2\repository\org\springframework\boot\spring-boot-starter-logging\3.1.5\spring-boot-starter-logging-3.1.5.jar;C:\Users\ASUS-PC\.m2\repository\ch\qos\logback\logback-classic\1.4.11\logback-classic-1.4.11.jar;C:\Users\ASUS-PC\.m2\repository\ch\qos\logback\logback-core\1.4.11\logback-core-1.4.11.jar;C:\Users\ASUS-PC\.m2\repository\org\apache\logging\log4j\log4j-to-slf4j\2.20.0\log4j-to-slf4j-2.20.0.jar;C:\Users\ASUS-PC\.m2\repository\org\apache\logging\log4j\log4j-api\2.20.0\log4j-api-2.20.0.jar;C:\Users\ASUS-PC\.m2\repository\org\slf4j\jul-to-slf4j\2.0.9\jul-to-slf4j-2.0.9.jar;C:\Users\ASUS-PC\.m2\repository\jakarta\annotation\jakarta.annotation-api\2.1.1\jakarta.annotation-api-2.1.1.jar;C:\Users\ASUS-PC\.m2\repository\org\yaml\snakeyaml\1.33\snakeyaml-1.33.jar;C:\Users\ASUS-PC\.m2\repository\org\springframework\boot\spring-boot-starter-json\3.1.5\spring-boot-starter-json-3.1.5.jar;C:\Users\ASUS-PC\.m2\repository\com\fasterxml\jackson\core\jackson-databind\2.15.3\jackson-databind-2.15.3.jar;C:\Users\ASUS-PC\.m2\repository\com\fasterxml\jackson\core\jackson-annotations\2.15.3\jackson-annotations-2.15.3.jar;C:\Users\ASUS-PC\.m2\repository\com\fasterxml\jackson\core\jackson-core\2.15.3\jackson-core-2.15.3.jar;C:\Users\ASUS-PC\.m2\repository\com\fasterxml\jackson\datatype\jackson-datatype-jdk8\2.15.3\jackson-datatype-jdk8-2.15.3.jar;C:\Users\ASUS-PC\.m2\repository\com\fasterxml\jackson\datatype\jackson-datatype-jsr310\2.15.3\jackson-datatype-jsr310-2.15.3.jar;C:\Users\ASUS-PC\.m2\repository\com\fasterxml\jackson\module\jackson-module-parameter-names\2.15.3\jackson-module-parameter-names-2.15.3.jar;C:\Users\A
Launcher Type: SUN_STANDARD

[Global flags]
     intx CICompilerCount                          = 3                                         {product} {ergonomic}
     uint ConcGCThreads                            = 1                                         {product} {ergonomic}
     uint G1ConcRefinementThreads                  = 4                                         {product} {ergonomic}
   size_t G1HeapRegionSize                         = 1048576                                   {product} {ergonomic}
    uintx GCDrainStackTargetSize                   = 64                                        {product} {ergonomic}
   size_t InitialHeapSize                          = 134217728                                 {product} {ergonomic}
   size_t MarkStackSize                            = 4194304                                   {product} {ergonomic}
   size_t MaxHeapSize                              = 2118123520                                {product} {ergonomic}
   size_t MaxNewSize                               = 1270874112                                {product} {ergonomic}
   size_t MinHeapDeltaBytes                        = 1048576                                   {product} {ergonomic}
   size_t MinHeapSize                              = 8388608                                   {product} {ergonomic}
    uintx NonNMethodCodeHeapSize                   = 5832780                                {pd product} {ergonomic}
    uintx NonProfiledCodeHeapSize                  = 122912730                              {pd product} {ergonomic}
    uintx ProfiledCodeHeapSize                     = 122912730                              {pd product} {ergonomic}
    uintx ReservedCodeCacheSize                    = 251658240                              {pd product} {ergonomic}
     bool SegmentedCodeCache                       = true                                      {product} {ergonomic}
   size_t SoftMaxHeapSize                          = 2118123520                             {manageable} {ergonomic}
     bool UseCompressedClassPointers               = true                           {product lp64_product} {ergonomic}
     bool UseCompressedOops                        = true                           {product lp64_product} {ergonomic}
     bool UseG1GC                                  = true                                      {product} {ergonomic}
     bool UseLargePagesIndividualAllocation        = false                                  {pd product} {ergonomic}

Logging:
Log output configuration:
 #0: stdout all=warning uptime,level,tags
 #1: stderr all=off uptime,level,tags

Environment Variables:
JAVA_HOME=C:\Program Files\Java\jdk-16.0.1
PATH=C:\Program Files\Common Files\Oracle\Java\javapath;C:\Program Files (x86)\Common Files\Oracle\Java\javapath;C:\Program Files\PostgreSQL\16\bin;C:\Program Files\dotnet\;C:\Program Files\Microsoft SQL Server\Client SDK\ODBC\130\Tools\Binn\;C:\Program Files (x86)\Microsoft SQL Server\140\Tools\Binn\;C:\Program Files\Microsoft SQL Server\140\Tools\Binn\;C:\Program Files\Microsoft SQL Server\140\DTS\Binn\;C:\Program Files (x86)\Microsoft SQL Server\150\DTS\Binn\;C:\Program Files\Microsoft SQL Server\150\Tools\Binn\;C:\Program Files\Microsoft SQL Server\Client SDK\ODBC\170\Tools\Binn\;C:\WINDOWS\System32\WindowsPowerShell\v1.0\;C:\Program Files\PowerShell\7\;C:\Program Files\MySQL\MySQL Shell 8.0\bin\;C:\Program Files\PostgreSQL\16\bin;C:\Users\ASUS-PC\AppData\Local\Programs\Microsoft VS Code Insiders\bin;C:\Users\ASUS-PC\.dotnet\tools;C:\Users\ASUS-PC\AppData\Local\Programs\Microsoft VS Code\bin;C:\Program Files\JetBrains\IntelliJ IDEA Educational Edition 2022.2.2\bin;;C:\Program Files\JetBrains\IntelliJ IDEA Community Edition 2023.2.3\bin;;C:\Program Files\Git\bin;
USERNAME=ASUS-PC
OS=Windows_NT
PROCESSOR_IDENTIFIER=Intel64 Family 6 Model 69 Stepping 1, GenuineIntel



---------------  S Y S T E M  ---------------

OS:
 Windows 10 , 64 bit Build 19041 (10.0.19041.3636)
OS uptime: 19 days 23:35 hours

CPU: total 4 (initial active 4) (2 cores per cpu, 2 threads per core) family 6 model 69 stepping 1 microcode 0x25, cx8, cmov, fxsr, ht, mmx, sse, sse2, sse3, ssse3, sse4.1, sse4.2, popcnt, lzcnt, tsc, tscinvbit, avx, avx2, aes, erms, clmul, bmi1, bmi2, fma, vzeroupper, clflush

Memory: 4k page, system-wide physical 8075M (1000M free)
TotalPageFile size 16295M (AvailPageFile size 5201M)
current process WorkingSet (physical memory assigned to process): 269M, peak: 269M
current process commit charge ("private bytes"): 310M, peak: 310M

vm_info: Java HotSpot(TM) 64-Bit Server VM (17.0.9+11-LTS-201) for windows-amd64 JRE (17.0.9+11-LTS-201), built on Oct 10 2023 23:16:06 by "mach5one" with MS VC++ 17.1 (VS2022)

END.
